# JRE version: OpenJDK Runtime Environment (21.0.3) (build 21.0.3+-12282718-b509.11)
# Java VM: OpenJDK 64-Bit Server VM (21.0.3+-12282718-b509.11, mixed mode, tiered, compressed oops, compressed class ptrs, g1 gc, windows-amd64)
GC Precious Log:
 CardTable entry size: 512
 Card Set container configuration: InlinePtr #cards 5 size 8 Array Of Cards #cards 12 size 40 Howl #buckets 4 coarsen threshold 1843 Howl Bitmap #cards 512 size 80 coarsen threshold 460 Card regions per heap region 1 cards per card region 2048
 CPUs: 8 total, 8 available
 Memory: 6030M
 Large Page Support: Disabled
 NUMA Support: Disabled
 Compressed Oops: Enabled (32-bit)
 Heap Region Size: 1M
 Heap Min Capacity: 8M
 Heap Initial Capacity: 96M
 Heap Max Capacity: 2G
 Pre-touch: Disabled
 Parallel Workers: 8
 Concurrent Workers: 2
 Concurrent Refinement Workers: 8
 Periodic GC: Disabled
Heap:
 garbage-first heap   total 437248K, used 328677K [0x0000000080000000, 0x0000000100000000)
  region size 1024K, 131 young (134144K), 5 survivors (5120K)
 Metaspace       used 151039K, committed 153280K, reserved 1245184K
  class space    used 19704K, committed 21312K, reserved 1048576K
GC Heap History (20 events):
Event: 7693.302 GC heap before
{Heap before GC invocations=184 (full 1):
 garbage-first heap   total 334848K, used 212511K [0x0000000080000000, 0x0000000100000000)
  region size 1024K, 38 young (38912K), 3 survivors (3072K)
 Metaspace       used 147938K, committed 151744K, reserved 1179648K
  class space    used 19450K, committed 21312K, reserved 1048576K
}
Event: 7693.325 GC heap after
{Heap after GC invocations=185 (full 1):
 garbage-first heap   total 334848K, used 177528K [0x0000000080000000, 0x0000000100000000)
  region size 1024K, 2 young (2048K), 2 survivors (2048K)
 Metaspace       used 147938K, committed 151744K, reserved 1179648K
  class space    used 19450K, committed 21312K, reserved 1048576K
}
Event: 7886.252 GC heap before
{Heap before GC invocations=186 (full 1):
 garbage-first heap   total 375808K, used 336248K [0x0000000080000000, 0x0000000100000000)
  region size 1024K, 122 young (124928K), 2 survivors (2048K)
 Metaspace       used 148053K, committed 151808K, reserved 1179648K
  class space    used 19451K, committed 21312K, reserved 1048576K
}
Event: 7886.380 GC heap after
{Heap after GC invocations=187 (full 1):
 garbage-first heap   total 375808K, used 177427K [0x0000000080000000, 0x0000000100000000)
  region size 1024K, 14 young (14336K), 14 survivors (14336K)
 Metaspace       used 148053K, committed 151808K, reserved 1179648K
  class space    used 19451K, committed 21312K, reserved 1048576K
}
Event: 8093.546 GC heap before
{Heap before GC invocations=187 (full 1):
 garbage-first heap   total 375808K, used 322835K [0x0000000080000000, 0x0000000100000000)
  region size 1024K, 109 young (111616K), 14 survivors (14336K)
 Metaspace       used 148113K, committed 151808K, reserved 1179648K
  class space    used 19452K, committed 21312K, reserved 1048576K
}
Event: 8093.756 GC heap after
{Heap after GC invocations=188 (full 1):
 garbage-first heap   total 375808K, used 176580K [0x0000000080000000, 0x0000000100000000)
  region size 1024K, 5 young (5120K), 5 survivors (5120K)
 Metaspace       used 148113K, committed 151808K, reserved 1179648K
  class space    used 19452K, committed 21312K, reserved 1048576K
}
Event: 8105.632 GC heap before
{Heap before GC invocations=188 (full 1):
 garbage-first heap   total 375808K, used 338372K [0x0000000080000000, 0x0000000100000000)
  region size 1024K, 164 young (167936K), 5 survivors (5120K)
 Metaspace       used 148256K, committed 151808K, reserved 1179648K
  class space    used 19452K, committed 21312K, reserved 1048576K
}
Event: 8105.769 GC heap after
{Heap after GC invocations=189 (full 1):
 garbage-first heap   total 375808K, used 188055K [0x0000000080000000, 0x0000000100000000)
  region size 1024K, 20 young (20480K), 20 survivors (20480K)
 Metaspace       used 148256K, committed 151808K, reserved 1179648K
  class space    used 19452K, committed 21312K, reserved 1048576K
}
Event: 8169.238 GC heap before
{Heap before GC invocations=189 (full 1):
 garbage-first heap   total 375808K, used 287383K [0x0000000080000000, 0x0000000100000000)
  region size 1024K, 70 young (71680K), 20 survivors (20480K)
 Metaspace       used 148318K, committed 151872K, reserved 1179648K
  class space    used 19456K, committed 21312K, reserved 1048576K
}
Event: 8169.362 GC heap after
{Heap after GC invocations=190 (full 1):
 garbage-first heap   total 375808K, used 186890K [0x0000000080000000, 0x0000000100000000)
  region size 1024K, 5 young (5120K), 5 survivors (5120K)
 Metaspace       used 148318K, committed 151872K, reserved 1179648K
  class space    used 19456K, committed 21312K, reserved 1048576K
}
Event: 8181.917 GC heap before
{Heap before GC invocations=190 (full 1):
 garbage-first heap   total 392192K, used 384522K [0x0000000080000000, 0x0000000100000000)
  region size 1024K, 151 young (154624K), 5 survivors (5120K)
 Metaspace       used 148572K, committed 151936K, reserved 1179648K
  class space    used 19457K, committed 21312K, reserved 1048576K
}
Event: 8181.978 GC heap after
{Heap after GC invocations=191 (full 1):
 garbage-first heap   total 407552K, used 195783K [0x0000000080000000, 0x0000000100000000)
  region size 1024K, 16 young (16384K), 16 survivors (16384K)
 Metaspace       used 148572K, committed 151936K, reserved 1179648K
  class space    used 19457K, committed 21312K, reserved 1048576K
}
Event: 8269.581 GC heap before
{Heap before GC invocations=191 (full 1):
 garbage-first heap   total 407552K, used 310471K [0x0000000080000000, 0x0000000100000000)
  region size 1024K, 128 young (131072K), 16 survivors (16384K)
 Metaspace       used 148744K, committed 151936K, reserved 1179648K
  class space    used 19470K, committed 21312K, reserved 1048576K
}
Event: 8269.647 GC heap after
{Heap after GC invocations=192 (full 1):
 garbage-first heap   total 407552K, used 203916K [0x0000000080000000, 0x0000000100000000)
  region size 1024K, 13 young (13312K), 13 survivors (13312K)
 Metaspace       used 148744K, committed 151936K, reserved 1179648K
  class space    used 19470K, committed 21312K, reserved 1048576K
}
Event: 8341.557 GC heap before
{Heap before GC invocations=192 (full 1):
 garbage-first heap   total 407552K, used 402572K [0x0000000080000000, 0x0000000100000000)
  region size 1024K, 160 young (163840K), 13 survivors (13312K)
 Metaspace       used 148852K, committed 152000K, reserved 1179648K
  class space    used 19475K, committed 21312K, reserved 1048576K
}
Event: 8341.724 GC heap after
{Heap after GC invocations=193 (full 1):
 garbage-first heap   total 431104K, used 210021K [0x0000000080000000, 0x0000000100000000)
  region size 1024K, 11 young (11264K), 11 survivors (11264K)
 Metaspace       used 148852K, committed 152000K, reserved 1179648K
  class space    used 19475K, committed 21312K, reserved 1048576K
}
Event: 8402.037 GC heap before
{Heap before GC invocations=193 (full 1):
 garbage-first heap   total 431104K, used 411749K [0x0000000080000000, 0x0000000100000000)
  region size 1024K, 161 young (164864K), 11 survivors (11264K)
 Metaspace       used 148917K, committed 152000K, reserved 1179648K
  class space    used 19476K, committed 21312K, reserved 1048576K
}
Event: 8402.163 GC heap after
{Heap after GC invocations=194 (full 1):
 garbage-first heap   total 431104K, used 202529K [0x0000000080000000, 0x0000000100000000)
  region size 1024K, 5 young (5120K), 5 survivors (5120K)
 Metaspace       used 148917K, committed 152000K, reserved 1179648K
  class space    used 19476K, committed 21312K, reserved 1048576K
}
Event: 8492.121 GC heap before
{Heap before GC invocations=194 (full 1):
 garbage-first heap   total 431104K, used 426785K [0x0000000080000000, 0x0000000100000000)
  region size 1024K, 177 young (181248K), 5 survivors (5120K)
 Metaspace       used 149071K, committed 152000K, reserved 1179648K
  class space    used 19477K, committed 21312K, reserved 1048576K
}
Event: 8492.203 GC heap after
{Heap after GC invocations=195 (full 1):
 garbage-first heap   total 437248K, used 201701K [0x0000000080000000, 0x0000000100000000)
  region size 1024K, 5 young (5120K), 5 survivors (5120K)
 Metaspace       used 149071K, committed 152000K, reserved 1179648K
  class space    used 19477K, committed 21312K, reserved 1048576K
}

