# JRE version: OpenJDK Runtime Environment (21.0.3) (build 21.0.3+-12282718-b509.11)
# Java VM: OpenJDK 64-Bit Server VM (21.0.3+-12282718-b509.11, mixed mode, tiered, compressed oops, compressed class ptrs, g1 gc, windows-amd64)
GC Precious Log:
 CardTable entry size: 512
 Card Set container configuration: InlinePtr #cards 5 size 8 Array Of Cards #cards 12 size 40 Howl #buckets 4 coarsen threshold 1843 Howl Bitmap #cards 512 size 80 coarsen threshold 460 Card regions per heap region 1 cards per card region 2048
 CPUs: 8 total, 8 available
 Memory: 6030M
 Large Page Support: Disabled
 NUMA Support: Disabled
 Compressed Oops: Enabled (32-bit)
 Heap Region Size: 1M
 Heap Min Capacity: 8M
 Heap Initial Capacity: 96M
 Heap Max Capacity: 2G
 Pre-touch: Disabled
 Parallel Workers: 8
 Concurrent Workers: 2
 Concurrent Refinement Workers: 8
 Periodic GC: Disabled
Heap:
 garbage-first heap   total 278528K, used 206529K [0x0000000080000000, 0x0000000100000000)
  region size 1024K, 9 young (9216K), 5 survivors (5120K)
 Metaspace       used 145386K, committed 147648K, reserved 1179648K
  class space    used 20099K, committed 21248K, reserved 1048576K
GC Heap History (20 events):
Event: 1199.755 GC heap before
{Heap before GC invocations=55 (full 0):
 garbage-first heap   total 219136K, used 195859K [0x0000000080000000, 0x0000000100000000)
  region size 1024K, 75 young (76800K), 9 survivors (9216K)
 Metaspace       used 121231K, committed 123584K, reserved 1179648K
  class space    used 16577K, committed 17792K, reserved 1048576K
}
Event: 1199.789 GC heap after
{Heap after GC invocations=56 (full 0):
 garbage-first heap   total 219136K, used 136322K [0x0000000080000000, 0x0000000100000000)
  region size 1024K, 7 young (7168K), 7 survivors (7168K)
 Metaspace       used 121231K, committed 123584K, reserved 1179648K
  class space    used 16577K, committed 17792K, reserved 1048576K
}
Event: 1201.163 GC heap before
{Heap before GC invocations=57 (full 0):
 garbage-first heap   total 244736K, used 196738K [0x0000000080000000, 0x0000000100000000)
  region size 1024K, 67 young (68608K), 7 survivors (7168K)
 Metaspace       used 122183K, committed 124480K, reserved 1179648K
  class space    used 16665K, committed 17856K, reserved 1048576K
}
Event: 1201.178 GC heap after
{Heap after GC invocations=58 (full 0):
 garbage-first heap   total 244736K, used 141993K [0x0000000080000000, 0x0000000100000000)
  region size 1024K, 6 young (6144K), 6 survivors (6144K)
 Metaspace       used 122183K, committed 124480K, reserved 1179648K
  class space    used 16665K, committed 17856K, reserved 1048576K
}
Event: 1202.165 GC heap before
{Heap before GC invocations=58 (full 0):
 garbage-first heap   total 244736K, used 222889K [0x0000000080000000, 0x0000000100000000)
  region size 1024K, 86 young (88064K), 6 survivors (6144K)
 Metaspace       used 122221K, committed 124480K, reserved 1179648K
  class space    used 16667K, committed 17856K, reserved 1048576K
}
Event: 1202.177 GC heap after
{Heap after GC invocations=59 (full 0):
 garbage-first heap   total 244736K, used 142819K [0x0000000080000000, 0x0000000100000000)
  region size 1024K, 8 young (8192K), 8 survivors (8192K)
 Metaspace       used 122221K, committed 124480K, reserved 1179648K
  class space    used 16667K, committed 17856K, reserved 1048576K
}
Event: 1215.653 GC heap before
{Heap before GC invocations=59 (full 0):
 garbage-first heap   total 244736K, used 221667K [0x0000000080000000, 0x0000000100000000)
  region size 1024K, 86 young (88064K), 8 survivors (8192K)
 Metaspace       used 122976K, committed 125248K, reserved 1179648K
  class space    used 16745K, committed 17920K, reserved 1048576K
}
Event: 1215.668 GC heap after
{Heap after GC invocations=60 (full 0):
 garbage-first heap   total 244736K, used 146421K [0x0000000080000000, 0x0000000100000000)
  region size 1024K, 8 young (8192K), 8 survivors (8192K)
 Metaspace       used 122976K, committed 125248K, reserved 1179648K
  class space    used 16745K, committed 17920K, reserved 1048576K
}
Event: 1216.972 GC heap before
{Heap before GC invocations=61 (full 0):
 garbage-first heap   total 256000K, used 222197K [0x0000000080000000, 0x0000000100000000)
  region size 1024K, 83 young (84992K), 8 survivors (8192K)
 Metaspace       used 127143K, committed 129408K, reserved 1179648K
  class space    used 17333K, committed 18496K, reserved 1048576K
}
Event: 1216.996 GC heap after
{Heap after GC invocations=62 (full 0):
 garbage-first heap   total 256000K, used 156645K [0x0000000080000000, 0x0000000100000000)
  region size 1024K, 11 young (11264K), 11 survivors (11264K)
 Metaspace       used 127143K, committed 129408K, reserved 1179648K
  class space    used 17333K, committed 18496K, reserved 1048576K
}
Event: 1217.739 GC heap before
{Heap before GC invocations=62 (full 0):
 garbage-first heap   total 256000K, used 230373K [0x0000000080000000, 0x0000000100000000)
  region size 1024K, 84 young (86016K), 11 survivors (11264K)
 Metaspace       used 131038K, committed 133376K, reserved 1179648K
  class space    used 17952K, committed 19136K, reserved 1048576K
}
Event: 1217.780 GC heap after
{Heap after GC invocations=63 (full 0):
 garbage-first heap   total 265216K, used 158720K [0x0000000080000000, 0x0000000100000000)
  region size 1024K, 11 young (11264K), 11 survivors (11264K)
 Metaspace       used 131038K, committed 133376K, reserved 1179648K
  class space    used 17952K, committed 19136K, reserved 1048576K
}
Event: 1219.079 GC heap before
{Heap before GC invocations=63 (full 0):
 garbage-first heap   total 265216K, used 238592K [0x0000000080000000, 0x0000000100000000)
  region size 1024K, 90 young (92160K), 11 survivors (11264K)
 Metaspace       used 137564K, committed 139904K, reserved 1179648K
  class space    used 19007K, committed 20224K, reserved 1048576K
}
Event: 1219.094 GC heap after
{Heap after GC invocations=64 (full 0):
 garbage-first heap   total 265216K, used 159145K [0x0000000080000000, 0x0000000100000000)
  region size 1024K, 5 young (5120K), 5 survivors (5120K)
 Metaspace       used 137564K, committed 139904K, reserved 1179648K
  class space    used 19007K, committed 20224K, reserved 1048576K
}
Event: 1221.173 GC heap before
{Heap before GC invocations=65 (full 0):
 garbage-first heap   total 278528K, used 241065K [0x0000000080000000, 0x0000000100000000)
  region size 1024K, 85 young (87040K), 5 survivors (5120K)
 Metaspace       used 140186K, committed 142592K, reserved 1179648K
  class space    used 19319K, committed 20544K, reserved 1048576K
}
Event: 1221.184 GC heap after
{Heap after GC invocations=66 (full 0):
 garbage-first heap   total 278528K, used 158549K [0x0000000080000000, 0x0000000100000000)
  region size 1024K, 5 young (5120K), 5 survivors (5120K)
 Metaspace       used 140186K, committed 142592K, reserved 1179648K
  class space    used 19319K, committed 20544K, reserved 1048576K
}
Event: 1223.595 GC heap before
{Heap before GC invocations=66 (full 0):
 garbage-first heap   total 278528K, used 254805K [0x0000000080000000, 0x0000000100000000)
  region size 1024K, 100 young (102400K), 5 survivors (5120K)
 Metaspace       used 144463K, committed 146880K, reserved 1179648K
  class space    used 19964K, committed 21184K, reserved 1048576K
}
Event: 1223.612 GC heap after
{Heap after GC invocations=67 (full 0):
 garbage-first heap   total 278528K, used 155331K [0x0000000080000000, 0x0000000100000000)
  region size 1024K, 5 young (5120K), 5 survivors (5120K)
 Metaspace       used 144463K, committed 146880K, reserved 1179648K
  class space    used 19964K, committed 21184K, reserved 1048576K
}
Event: 1223.911 GC heap before
{Heap before GC invocations=67 (full 0):
 garbage-first heap   total 278528K, used 160451K [0x0000000080000000, 0x0000000100000000)
  region size 1024K, 12 young (12288K), 5 survivors (5120K)
 Metaspace       used 145189K, committed 147520K, reserved 1179648K
  class space    used 20070K, committed 21248K, reserved 1048576K
}
Event: 1223.919 GC heap after
{Heap after GC invocations=68 (full 0):
 garbage-first heap   total 278528K, used 155329K [0x0000000080000000, 0x0000000100000000)
  region size 1024K, 5 young (5120K), 5 survivors (5120K)
 Metaspace       used 145189K, committed 147520K, reserved 1179648K
  class space    used 20070K, committed 21248K, reserved 1048576K
}

