# JRE version: OpenJDK Runtime Environment (21.0.3) (build 21.0.3+-12282718-b509.11)
# Java VM: OpenJDK 64-Bit Server VM (21.0.3+-12282718-b509.11, mixed mode, tiered, compressed oops, compressed class ptrs, g1 gc, windows-amd64)
GC Precious Log:
 CardTable entry size: 512
 Card Set container configuration: InlinePtr #cards 5 size 8 Array Of Cards #cards 12 size 40 Howl #buckets 4 coarsen threshold 1843 Howl Bitmap #cards 512 size 80 coarsen threshold 460 Card regions per heap region 1 cards per card region 2048
 CPUs: 8 total, 8 available
 Memory: 6030M
 Large Page Support: Disabled
 NUMA Support: Disabled
 Compressed Oops: Enabled (32-bit)
 Heap Region Size: 1M
 Heap Min Capacity: 8M
 Heap Initial Capacity: 96M
 Heap Max Capacity: 2G
 Pre-touch: Disabled
 Parallel Workers: 8
 Concurrent Workers: 2
 Concurrent Refinement Workers: 8
 Periodic GC: Disabled
Heap:
 garbage-first heap   total 309248K, used 124580K [0x0000000080000000, 0x0000000100000000)
  region size 1024K, 11 young (11264K), 11 survivors (11264K)
 Metaspace       used 115289K, committed 117440K, reserved 1179648K
  class space    used 15866K, committed 16960K, reserved 1048576K
GC Heap History (20 events):
Event: 25.800 GC heap after
{Heap after GC invocations=40 (full 0):
 garbage-first heap   total 163840K, used 95417K [0x0000000080000000, 0x0000000100000000)
  region size 1024K, 4 young (4096K), 4 survivors (4096K)
 Metaspace       used 97967K, committed 99968K, reserved 1179648K
  class space    used 13546K, committed 14528K, reserved 1048576K
}
Event: 26.973 GC heap before
{Heap before GC invocations=40 (full 0):
 garbage-first heap   total 163840K, used 148665K [0x0000000080000000, 0x0000000100000000)
  region size 1024K, 56 young (57344K), 4 survivors (4096K)
 Metaspace       used 101973K, committed 104000K, reserved 1179648K
  class space    used 14132K, committed 15168K, reserved 1048576K
}
Event: 26.982 GC heap after
{Heap after GC invocations=41 (full 0):
 garbage-first heap   total 163840K, used 98139K [0x0000000080000000, 0x0000000100000000)
  region size 1024K, 7 young (7168K), 7 survivors (7168K)
 Metaspace       used 101973K, committed 104000K, reserved 1179648K
  class space    used 14132K, committed 15168K, reserved 1048576K
}
Event: 28.097 GC heap before
{Heap before GC invocations=41 (full 0):
 garbage-first heap   total 163840K, used 148315K [0x0000000080000000, 0x0000000100000000)
  region size 1024K, 56 young (57344K), 7 survivors (7168K)
 Metaspace       used 106576K, committed 108672K, reserved 1179648K
  class space    used 14761K, committed 15808K, reserved 1048576K
}
Event: 28.109 GC heap after
{Heap after GC invocations=42 (full 0):
 garbage-first heap   total 163840K, used 101294K [0x0000000080000000, 0x0000000100000000)
  region size 1024K, 7 young (7168K), 7 survivors (7168K)
 Metaspace       used 106576K, committed 108672K, reserved 1179648K
  class space    used 14761K, committed 15808K, reserved 1048576K
}
Event: 29.155 GC heap before
{Heap before GC invocations=43 (full 0):
 garbage-first heap   total 181248K, used 145326K [0x0000000080000000, 0x0000000100000000)
  region size 1024K, 50 young (51200K), 7 survivors (7168K)
 Metaspace       used 109733K, committed 111872K, reserved 1179648K
  class space    used 15254K, committed 16320K, reserved 1048576K
}
Event: 29.169 GC heap after
{Heap after GC invocations=44 (full 0):
 garbage-first heap   total 181248K, used 105472K [0x0000000080000000, 0x0000000100000000)
  region size 1024K, 7 young (7168K), 7 survivors (7168K)
 Metaspace       used 109733K, committed 111872K, reserved 1179648K
  class space    used 15254K, committed 16320K, reserved 1048576K
}
Event: 30.071 GC heap before
{Heap before GC invocations=44 (full 0):
 garbage-first heap   total 181248K, used 163840K [0x0000000080000000, 0x0000000100000000)
  region size 1024K, 64 young (65536K), 7 survivors (7168K)
 Metaspace       used 110052K, committed 112128K, reserved 1179648K
  class space    used 15265K, committed 16320K, reserved 1048576K
}
Event: 30.086 GC heap after
{Heap after GC invocations=45 (full 0):
 garbage-first heap   total 181248K, used 110542K [0x0000000080000000, 0x0000000100000000)
  region size 1024K, 6 young (6144K), 6 survivors (6144K)
 Metaspace       used 110052K, committed 112128K, reserved 1179648K
  class space    used 15265K, committed 16320K, reserved 1048576K
}
Event: 30.651 GC heap before
{Heap before GC invocations=45 (full 0):
 garbage-first heap   total 181248K, used 163790K [0x0000000080000000, 0x0000000100000000)
  region size 1024K, 59 young (60416K), 6 survivors (6144K)
 Metaspace       used 110411K, committed 112576K, reserved 1179648K
  class space    used 15341K, committed 16448K, reserved 1048576K
}
Event: 30.661 GC heap after
{Heap after GC invocations=46 (full 0):
 garbage-first heap   total 181248K, used 113368K [0x0000000080000000, 0x0000000100000000)
  region size 1024K, 5 young (5120K), 5 survivors (5120K)
 Metaspace       used 110411K, committed 112576K, reserved 1179648K
  class space    used 15341K, committed 16448K, reserved 1048576K
}
Event: 31.413 GC heap before
{Heap before GC invocations=47 (full 0):
 garbage-first heap   total 199680K, used 163544K [0x0000000080000000, 0x0000000100000000)
  region size 1024K, 55 young (56320K), 5 survivors (5120K)
 Metaspace       used 110643K, committed 112832K, reserved 1179648K
  class space    used 15375K, committed 16512K, reserved 1048576K
}
Event: 31.423 GC heap after
{Heap after GC invocations=48 (full 0):
 garbage-first heap   total 199680K, used 115690K [0x0000000080000000, 0x0000000100000000)
  region size 1024K, 5 young (5120K), 5 survivors (5120K)
 Metaspace       used 110643K, committed 112832K, reserved 1179648K
  class space    used 15375K, committed 16512K, reserved 1048576K
}
Event: 32.221 GC heap before
{Heap before GC invocations=48 (full 0):
 garbage-first heap   total 199680K, used 179178K [0x0000000080000000, 0x0000000100000000)
  region size 1024K, 68 young (69632K), 5 survivors (5120K)
 Metaspace       used 111013K, committed 113152K, reserved 1179648K
  class space    used 15411K, committed 16512K, reserved 1048576K
}
Event: 32.232 GC heap after
{Heap after GC invocations=49 (full 0):
 garbage-first heap   total 199680K, used 117437K [0x0000000080000000, 0x0000000100000000)
  region size 1024K, 8 young (8192K), 8 survivors (8192K)
 Metaspace       used 111013K, committed 113152K, reserved 1179648K
  class space    used 15411K, committed 16512K, reserved 1048576K
}
Event: 32.745 GC heap before
{Heap before GC invocations=49 (full 0):
 garbage-first heap   total 199680K, used 178877K [0x0000000080000000, 0x0000000100000000)
  region size 1024K, 69 young (70656K), 8 survivors (8192K)
 Metaspace       used 111136K, committed 113280K, reserved 1179648K
  class space    used 15422K, committed 16512K, reserved 1048576K
}
Event: 32.757 GC heap after
{Heap after GC invocations=50 (full 0):
 garbage-first heap   total 199680K, used 119297K [0x0000000080000000, 0x0000000100000000)
  region size 1024K, 5 young (5120K), 5 survivors (5120K)
 Metaspace       used 111136K, committed 113280K, reserved 1179648K
  class space    used 15422K, committed 16512K, reserved 1048576K
}
Event: 33.441 GC heap before
{Heap before GC invocations=51 (full 0):
 garbage-first heap   total 249856K, used 178689K [0x0000000080000000, 0x0000000100000000)
  region size 1024K, 64 young (65536K), 5 survivors (5120K)
 Metaspace       used 111170K, committed 113344K, reserved 1179648K
  class space    used 15424K, committed 16512K, reserved 1048576K
}
Event: 33.501 GC heap after
{Heap after GC invocations=52 (full 0):
 garbage-first heap   total 249856K, used 121101K [0x0000000080000000, 0x0000000100000000)
  region size 1024K, 7 young (7168K), 7 survivors (7168K)
 Metaspace       used 111170K, committed 113344K, reserved 1179648K
  class space    used 15424K, committed 16512K, reserved 1048576K
}
Event: 37.644 GC heap before
{Heap before GC invocations=52 (full 0):
 garbage-first heap   total 295936K, used 293133K [0x0000000080000000, 0x0000000100000000)
  region size 1024K, 99 young (101376K), 7 survivors (7168K)
 Metaspace       used 115289K, committed 117440K, reserved 1179648K
  class space    used 15866K, committed 16960K, reserved 1048576K
}

