# JRE version: OpenJDK Runtime Environment (21.0.3) (build 21.0.3+-12282718-b509.11)
# Java VM: OpenJDK 64-Bit Server VM (21.0.3+-12282718-b509.11, mixed mode, tiered, compressed oops, compressed class ptrs, g1 gc, windows-amd64)
GC Precious Log:
 CardTable entry size: 512
 Card Set container configuration: InlinePtr #cards 5 size 8 Array Of Cards #cards 12 size 40 Howl #buckets 4 coarsen threshold 1843 Howl Bitmap #cards 512 size 80 coarsen threshold 460 Card regions per heap region 1 cards per card region 2048
 CPUs: 8 total, 8 available
 Memory: 6030M
 Large Page Support: Disabled
 NUMA Support: Disabled
 Compressed Oops: Enabled (32-bit)
 Heap Region Size: 1M
 Heap Min Capacity: 8M
 Heap Initial Capacity: 96M
 Heap Max Capacity: 2G
 Pre-touch: Disabled
 Parallel Workers: 8
 Concurrent Workers: 2
 Concurrent Refinement Workers: 8
 Periodic GC: Disabled
Heap:
 garbage-first heap   total 304128K, used 299715K [0x0000000080000000, 0x0000000100000000)
  region size 1024K, 120 young (122880K), 9 survivors (9216K)
 Metaspace       used 141022K, committed 143296K, reserved 1179648K
  class space    used 19447K, committed 20608K, reserved 1048576K
GC Heap History (20 events):
Event: 43.231 GC heap before
{Heap before GC invocations=42 (full 0):
 garbage-first heap   total 214016K, used 188634K [0x0000000080000000, 0x0000000100000000)
  region size 1024K, 81 young (82944K), 6 survivors (6144K)
 Metaspace       used 110578K, committed 112640K, reserved 1179648K
  class space    used 15365K, committed 16384K, reserved 1048576K
}
Event: 43.276 GC heap after
{Heap after GC invocations=43 (full 0):
 garbage-first heap   total 214016K, used 115210K [0x0000000080000000, 0x0000000100000000)
  region size 1024K, 9 young (9216K), 9 survivors (9216K)
 Metaspace       used 110578K, committed 112640K, reserved 1179648K
  class space    used 15365K, committed 16384K, reserved 1048576K
}
Event: 45.485 GC heap before
{Heap before GC invocations=44 (full 0):
 garbage-first heap   total 225280K, used 190986K [0x0000000080000000, 0x0000000100000000)
  region size 1024K, 84 young (86016K), 9 survivors (9216K)
 Metaspace       used 110947K, committed 113024K, reserved 1179648K
  class space    used 15405K, committed 16448K, reserved 1048576K
}
Event: 45.501 GC heap after
{Heap after GC invocations=45 (full 0):
 garbage-first heap   total 225280K, used 119286K [0x0000000080000000, 0x0000000100000000)
  region size 1024K, 9 young (9216K), 9 survivors (9216K)
 Metaspace       used 110947K, committed 113024K, reserved 1179648K
  class space    used 15405K, committed 16448K, reserved 1048576K
}
Event: 46.868 GC heap before
{Heap before GC invocations=45 (full 0):
 garbage-first heap   total 225280K, used 203254K [0x0000000080000000, 0x0000000100000000)
  region size 1024K, 92 young (94208K), 9 survivors (9216K)
 Metaspace       used 114094K, committed 116160K, reserved 1179648K
  class space    used 15806K, committed 16832K, reserved 1048576K
}
Event: 46.901 GC heap after
{Heap after GC invocations=46 (full 0):
 garbage-first heap   total 225280K, used 122839K [0x0000000080000000, 0x0000000100000000)
  region size 1024K, 11 young (11264K), 11 survivors (11264K)
 Metaspace       used 114094K, committed 116160K, reserved 1179648K
  class space    used 15806K, committed 16832K, reserved 1048576K
}
Event: 47.671 GC heap before
{Heap before GC invocations=46 (full 0):
 garbage-first heap   total 225280K, used 201687K [0x0000000080000000, 0x0000000100000000)
  region size 1024K, 89 young (91136K), 11 survivors (11264K)
 Metaspace       used 115244K, committed 117440K, reserved 1179648K
  class space    used 15980K, committed 17088K, reserved 1048576K
}
Event: 47.776 GC heap after
{Heap after GC invocations=47 (full 0):
 garbage-first heap   total 225280K, used 125547K [0x0000000080000000, 0x0000000100000000)
  region size 1024K, 6 young (6144K), 6 survivors (6144K)
 Metaspace       used 115244K, committed 117440K, reserved 1179648K
  class space    used 15980K, committed 17088K, reserved 1048576K
}
Event: 58.214 GC heap before
{Heap before GC invocations=48 (full 0):
 garbage-first heap   total 242688K, used 208491K [0x0000000080000000, 0x0000000100000000)
  region size 1024K, 83 young (84992K), 6 survivors (6144K)
 Metaspace       used 116441K, committed 118656K, reserved 1179648K
  class space    used 16059K, committed 17152K, reserved 1048576K
}
Event: 58.266 GC heap after
{Heap after GC invocations=49 (full 0):
 garbage-first heap   total 242688K, used 127497K [0x0000000080000000, 0x0000000100000000)
  region size 1024K, 8 young (8192K), 8 survivors (8192K)
 Metaspace       used 116441K, committed 118656K, reserved 1179648K
  class space    used 16059K, committed 17152K, reserved 1048576K
}
Event: 61.100 GC heap before
{Heap before GC invocations=49 (full 0):
 garbage-first heap   total 242688K, used 218633K [0x0000000080000000, 0x0000000100000000)
  region size 1024K, 98 young (100352K), 8 survivors (8192K)
 Metaspace       used 128184K, committed 130432K, reserved 1179648K
  class space    used 17847K, committed 18944K, reserved 1048576K
}
Event: 61.157 GC heap after
{Heap after GC invocations=50 (full 0):
 garbage-first heap   total 242688K, used 129758K [0x0000000080000000, 0x0000000100000000)
  region size 1024K, 11 young (11264K), 11 survivors (11264K)
 Metaspace       used 128184K, committed 130432K, reserved 1179648K
  class space    used 17847K, committed 18944K, reserved 1048576K
}
Event: 65.354 GC heap before
{Heap before GC invocations=50 (full 0):
 garbage-first heap   total 242688K, used 215774K [0x0000000080000000, 0x0000000100000000)
  region size 1024K, 96 young (98304K), 11 survivors (11264K)
 Metaspace       used 135186K, committed 137472K, reserved 1179648K
  class space    used 18943K, committed 20096K, reserved 1048576K
}
Event: 65.459 GC heap after
{Heap after GC invocations=51 (full 0):
 garbage-first heap   total 291840K, used 131736K [0x0000000080000000, 0x0000000100000000)
  region size 1024K, 6 young (6144K), 6 survivors (6144K)
 Metaspace       used 135186K, committed 137472K, reserved 1179648K
  class space    used 18943K, committed 20096K, reserved 1048576K
}
Event: 70.988 GC heap before
{Heap before GC invocations=52 (full 0):
 garbage-first heap   total 291840K, used 290456K [0x0000000080000000, 0x0000000100000000)
  region size 1024K, 42 young (43008K), 6 survivors (6144K)
 Metaspace       used 138353K, committed 140672K, reserved 1179648K
  class space    used 19386K, committed 20544K, reserved 1048576K
}
Event: 71.105 GC heap after
{Heap after GC invocations=53 (full 0):
 garbage-first heap   total 299008K, used 133088K [0x0000000080000000, 0x0000000100000000)
  region size 1024K, 7 young (7168K), 7 survivors (7168K)
 Metaspace       used 138353K, committed 140672K, reserved 1179648K
  class space    used 19386K, committed 20544K, reserved 1048576K
}
Event: 788.028 GC heap before
{Heap before GC invocations=53 (full 0):
 garbage-first heap   total 299008K, used 265184K [0x0000000080000000, 0x0000000100000000)
  region size 1024K, 136 young (139264K), 7 survivors (7168K)
 Metaspace       used 139215K, committed 141568K, reserved 1179648K
  class space    used 19410K, committed 20608K, reserved 1048576K
}
Event: 788.299 GC heap after
{Heap after GC invocations=54 (full 0):
 garbage-first heap   total 299008K, used 142754K [0x0000000080000000, 0x0000000100000000)
  region size 1024K, 17 young (17408K), 17 survivors (17408K)
 Metaspace       used 139215K, committed 141568K, reserved 1179648K
  class space    used 19410K, committed 20608K, reserved 1048576K
}
Event: 802.301 GC heap before
{Heap before GC invocations=54 (full 0):
 garbage-first heap   total 299008K, used 263586K [0x0000000080000000, 0x0000000100000000)
  region size 1024K, 136 young (139264K), 17 survivors (17408K)
 Metaspace       used 140289K, committed 142656K, reserved 1179648K
  class space    used 19426K, committed 20608K, reserved 1048576K
}
Event: 802.517 GC heap after
{Heap after GC invocations=55 (full 0):
 garbage-first heap   total 299008K, used 152099K [0x0000000080000000, 0x0000000100000000)
  region size 1024K, 9 young (9216K), 9 survivors (9216K)
 Metaspace       used 140289K, committed 142656K, reserved 1179648K
  class space    used 19426K, committed 20608K, reserved 1048576K
}

