# JRE version: OpenJDK Runtime Environment (21.0.3) (build 21.0.3+-12282718-b509.11)
# Java VM: OpenJDK 64-Bit Server VM (21.0.3+-12282718-b509.11, mixed mode, tiered, compressed oops, compressed class ptrs, g1 gc, windows-amd64)
GC Precious Log:
 CardTable entry size: 512
 Card Set container configuration: InlinePtr #cards 5 size 8 Array Of Cards #cards 12 size 40 Howl #buckets 4 coarsen threshold 1843 Howl Bitmap #cards 512 size 80 coarsen threshold 460 Card regions per heap region 1 cards per card region 2048
 CPUs: 8 total, 8 available
 Memory: 6030M
 Large Page Support: Disabled
 NUMA Support: Disabled
 Compressed Oops: Enabled (32-bit)
 Heap Region Size: 1M
 Heap Min Capacity: 8M
 Heap Initial Capacity: 96M
 Heap Max Capacity: 2G
 Pre-touch: Disabled
 Parallel Workers: 8
 Concurrent Workers: 2
 Concurrent Refinement Workers: 8
 Periodic GC: Disabled
Heap:
 garbage-first heap   total 523264K, used 265051K [0x0000000080000000, 0x0000000100000000)
  region size 1024K, 7 young (7168K), 7 survivors (7168K)
 Metaspace       used 225174K, committed 227328K, reserved 1310720K
  class space    used 28809K, committed 29888K, reserved 1048576K
GC Heap History (20 events):
Event: 8348.595 GC heap after
{Heap after GC invocations=111 (full 0):
 garbage-first heap   total 523264K, used 167357K [0x0000000080000000, 0x0000000100000000)
  region size 1024K, 15 young (15360K), 15 survivors (15360K)
 Metaspace       used 144636K, committed 147072K, reserved 1179648K
  class space    used 18876K, committed 20608K, reserved 1048576K
}
Event: 9052.078 GC heap before
{Heap before GC invocations=112 (full 0):
 garbage-first heap   total 523264K, used 447933K [0x0000000080000000, 0x0000000100000000)
  region size 1024K, 228 young (233472K), 15 survivors (15360K)
 Metaspace       used 163672K, committed 165312K, reserved 1245184K
  class space    used 21514K, committed 22336K, reserved 1048576K
}
Event: 9052.229 GC heap after
{Heap after GC invocations=113 (full 0):
 garbage-first heap   total 523264K, used 191697K [0x0000000080000000, 0x0000000100000000)
  region size 1024K, 21 young (21504K), 21 survivors (21504K)
 Metaspace       used 163672K, committed 165312K, reserved 1245184K
  class space    used 21514K, committed 22336K, reserved 1048576K
}
Event: 9052.399 GC heap before
{Heap before GC invocations=113 (full 0):
 garbage-first heap   total 523264K, used 195793K [0x0000000080000000, 0x0000000100000000)
  region size 1024K, 25 young (25600K), 21 survivors (21504K)
 Metaspace       used 164532K, committed 166144K, reserved 1245184K
  class space    used 21839K, committed 22656K, reserved 1048576K
}
Event: 9052.510 GC heap after
{Heap after GC invocations=114 (full 0):
 garbage-first heap   total 523264K, used 189696K [0x0000000080000000, 0x0000000100000000)
  region size 1024K, 2 young (2048K), 2 survivors (2048K)
 Metaspace       used 164532K, committed 166144K, reserved 1245184K
  class space    used 21839K, committed 22656K, reserved 1048576K
}
Event: 9056.977 GC heap before
{Heap before GC invocations=114 (full 0):
 garbage-first heap   total 523264K, used 327936K [0x0000000080000000, 0x0000000100000000)
  region size 1024K, 131 young (134144K), 2 survivors (2048K)
 Metaspace       used 179167K, committed 180928K, reserved 1245184K
  class space    used 23604K, committed 24512K, reserved 1048576K
}
Event: 9057.041 GC heap after
{Heap after GC invocations=115 (full 0):
 garbage-first heap   total 523264K, used 201716K [0x0000000080000000, 0x0000000100000000)
  region size 1024K, 15 young (15360K), 15 survivors (15360K)
 Metaspace       used 179167K, committed 180928K, reserved 1245184K
  class space    used 23604K, committed 24512K, reserved 1048576K
}
Event: 9057.893 GC heap before
{Heap before GC invocations=115 (full 0):
 garbage-first heap   total 523264K, used 250868K [0x0000000080000000, 0x0000000100000000)
  region size 1024K, 56 young (57344K), 15 survivors (15360K)
 Metaspace       used 183909K, committed 185664K, reserved 1245184K
  class space    used 24054K, committed 24960K, reserved 1048576K
}
Event: 9057.949 GC heap after
{Heap after GC invocations=116 (full 0):
 garbage-first heap   total 523264K, used 211566K [0x0000000080000000, 0x0000000100000000)
  region size 1024K, 4 young (4096K), 4 survivors (4096K)
 Metaspace       used 183909K, committed 185664K, reserved 1245184K
  class space    used 24054K, committed 24960K, reserved 1048576K
}
Event: 9060.289 GC heap before
{Heap before GC invocations=116 (full 0):
 garbage-first heap   total 523264K, used 361070K [0x0000000080000000, 0x0000000100000000)
  region size 1024K, 149 young (152576K), 4 survivors (4096K)
 Metaspace       used 197586K, committed 199744K, reserved 1245184K
  class space    used 25745K, committed 26880K, reserved 1048576K
}
Event: 9060.327 GC heap after
{Heap after GC invocations=117 (full 0):
 garbage-first heap   total 523264K, used 219094K [0x0000000080000000, 0x0000000100000000)
  region size 1024K, 12 young (12288K), 12 survivors (12288K)
 Metaspace       used 197586K, committed 199744K, reserved 1245184K
  class space    used 25745K, committed 26880K, reserved 1048576K
}
Event: 9062.796 GC heap before
{Heap before GC invocations=117 (full 0):
 garbage-first heap   total 523264K, used 349142K [0x0000000080000000, 0x0000000100000000)
  region size 1024K, 140 young (143360K), 12 survivors (12288K)
 Metaspace       used 215487K, committed 217664K, reserved 1245184K
  class space    used 27594K, committed 28736K, reserved 1048576K
}
Event: 9062.830 GC heap after
{Heap after GC invocations=118 (full 0):
 garbage-first heap   total 523264K, used 224156K [0x0000000080000000, 0x0000000100000000)
  region size 1024K, 15 young (15360K), 15 survivors (15360K)
 Metaspace       used 215487K, committed 217664K, reserved 1245184K
  class space    used 27594K, committed 28736K, reserved 1048576K
}
Event: 9068.300 GC heap before
{Heap before GC invocations=118 (full 0):
 garbage-first heap   total 523264K, used 387996K [0x0000000080000000, 0x0000000100000000)
  region size 1024K, 175 young (179200K), 15 survivors (15360K)
 Metaspace       used 224733K, committed 226944K, reserved 1310720K
  class space    used 28726K, committed 29824K, reserved 1048576K
}
Event: 9068.613 GC heap after
{Heap after GC invocations=119 (full 0):
 garbage-first heap   total 523264K, used 251737K [0x0000000080000000, 0x0000000100000000)
  region size 1024K, 22 young (22528K), 22 survivors (22528K)
 Metaspace       used 224733K, committed 226944K, reserved 1310720K
  class space    used 28726K, committed 29824K, reserved 1048576K
}
Event: 9069.164 GC heap before
{Heap before GC invocations=119 (full 0):
 garbage-first heap   total 523264K, used 269145K [0x0000000080000000, 0x0000000100000000)
  region size 1024K, 39 young (39936K), 22 survivors (22528K)
 Metaspace       used 224779K, committed 226944K, reserved 1310720K
  class space    used 28735K, committed 29824K, reserved 1048576K
}
Event: 9069.330 GC heap after
{Heap after GC invocations=120 (full 0):
 garbage-first heap   total 523264K, used 261120K [0x0000000080000000, 0x0000000100000000)
  region size 1024K, 5 young (5120K), 5 survivors (5120K)
 Metaspace       used 224779K, committed 226944K, reserved 1310720K
  class space    used 28735K, committed 29824K, reserved 1048576K
}
Event: 9072.231 GC heap before
{Heap before GC invocations=121 (full 0):
 garbage-first heap   total 523264K, used 311296K [0x0000000080000000, 0x0000000100000000)
  region size 1024K, 62 young (63488K), 5 survivors (5120K)
 Metaspace       used 224962K, committed 227136K, reserved 1310720K
  class space    used 28768K, committed 29888K, reserved 1048576K
}
Event: 9072.261 GC heap after
{Heap after GC invocations=122 (full 0):
 garbage-first heap   total 523264K, used 262666K [0x0000000080000000, 0x0000000100000000)
  region size 1024K, 8 young (8192K), 8 survivors (8192K)
 Metaspace       used 224962K, committed 227136K, reserved 1310720K
  class space    used 28768K, committed 29888K, reserved 1048576K
}
Event: 9072.687 GC heap before
{Heap before GC invocations=122 (full 0):
 garbage-first heap   total 523264K, used 307722K [0x0000000080000000, 0x0000000100000000)
  region size 1024K, 52 young (53248K), 8 survivors (8192K)
 Metaspace       used 225174K, committed 227328K, reserved 1310720K
  class space    used 28809K, committed 29888K, reserved 1048576K
}

